<?xml version="1.0" encoding="UTF-8"?>
<!-- Generated by org.testng.reporters.JUnitReportReporter -->
<testsuite hostname="DESKTOP-Q92D0LV" failures="0" tests="5" name="com.TestNg.TestNg1" time="0.014" errors="0" timestamp="2022-04-19T14:14:12 EDT" skipped="0">
  <testcase classname="com.TestNg.TestNg1" name="testcase4" time="0.002"/>
  <system-out/>
  <testcase classname="com.TestNg.TestNg1" name="testcase3" time="0.002"/>
  <system-out/>
  <testcase classname="com.TestNg.TestNg1" name="testcase2" time="0.003"/>
  <system-out/>
  <testcase classname="com.TestNg.TestNg1" name="testcase1" time="0.006"/>
  <system-out/>
  <testcase classname="com.TestNg.TestNg1" name="testcase5" time="0.001"/>
  <system-out/>
</testsuite> <!-- com.TestNg.TestNg1 -->
